A D/applications////
A D/cpg////
A D/drivers////
A D/examples////
A D/fonts////
A D/pgdispd////
A D/pgmf////
A D/src////
A D/sys////
A D/sys_aix////
A D/sys_alliant////
A D/sys_arc////
A D/sys_bsd////
A D/sys_convex////
A D/sys_cray////
A D/sys_cygwin////
A D/sys_darwin////
A D/sys_dos////
A D/sys_epix2////
A D/sys_freebsd////
A D/sys_fujitsu////
A D/sys_gnuwin32////
A D/sys_hp////
A D/sys_irix////
A D/sys_linux////
A D/sys_mac////
A D/sys_macosx////
A D/sys_msdos////
A D/sys_next////
A D/sys_openstep////
A D/sys_osf1////
A D/sys_salford////
A D/sys_sol2////
A D/sys_solx86////
A D/sys_sun4////
A D/sys_ultrix////
A D/sys_vms////
A D/sys_win////
